*** Starting uWSGI 2.0.18 (64bit) on [Sun Jun 28 18:26:08 2020] ***
compiled with version: 4.8.5 20150623 (Red Hat 4.8.5-39) on 15 December 2019 02:10:03
os: Linux-3.10.0-1062.9.1.el7.x86_64 #1 SMP Fri Dec 6 15:49:49 UTC 2019
nodename: iZuf6fy2kg5mx828krkhcuZ
machine: x86_64
clock source: unix
pcre jit disabled
detected number of CPU cores: 1
current working directory: /object/test_obj/django_test/test_one/uwsgi_conf
writing pidfile to /object/test_obj/django_test/test_one/uwsgi_conf/uwsgi.pid
detected binary path: /usr/local/python3/bin/uwsgi
*** WARNING: you are running uWSGI as root !!! (use the --uid flag) *** 
chdir() to /object/test_obj/django_test/test_one
your processes number limit is 3882
your memory page size is 4096 bytes
detected max file descriptor number: 65535
lock engine: pthread robust mutexes
thunder lock: enabled
bind(): Cannot assign requested address [core/socket.c line 769]
*** Starting uWSGI 2.0.18 (64bit) on [Mon Jun 29 09:20:37 2020] ***
compiled with version: 4.8.5 20150623 (Red Hat 4.8.5-39) on 15 December 2019 02:10:03
os: Linux-3.10.0-1062.9.1.el7.x86_64 #1 SMP Fri Dec 6 15:49:49 UTC 2019
nodename: iZuf6fy2kg5mx828krkhcuZ
machine: x86_64
clock source: unix
pcre jit disabled
detected number of CPU cores: 1
current working directory: /object/test_obj/django_test/test_one/uwsgi_conf
writing pidfile to /object/test_obj/django_test/test_one/uwsgi_conf/uwsgi.pid
detected binary path: /usr/local/python3/bin/uwsgi
*** WARNING: you are running uWSGI as root !!! (use the --uid flag) *** 
chdir() to /object/test_obj/django_test/test_one
your processes number limit is 3882
your memory page size is 4096 bytes
detected max file descriptor number: 65535
lock engine: pthread robust mutexes
thunder lock: enabled
bind(): Cannot assign requested address [core/socket.c line 769]
*** Starting uWSGI 2.0.18 (64bit) on [Mon Jun 29 09:40:14 2020] ***
compiled with version: 4.8.5 20150623 (Red Hat 4.8.5-39) on 15 December 2019 02:10:03
os: Linux-3.10.0-1062.9.1.el7.x86_64 #1 SMP Fri Dec 6 15:49:49 UTC 2019
nodename: iZuf6fy2kg5mx828krkhcuZ
machine: x86_64
clock source: unix
pcre jit disabled
detected number of CPU cores: 1
current working directory: /object/test_obj/django_test/uwsgi_conf
writing pidfile to /object/test_obj/django_test/uwsgi_conf/uwsgi.pid
detected binary path: /usr/local/python3/bin/uwsgi
*** WARNING: you are running uWSGI as root !!! (use the --uid flag) *** 
chdir() to /object/test_obj/django_test
your processes number limit is 3882
your memory page size is 4096 bytes
detected max file descriptor number: 65535
!!! no /etc/mime.types file found !!!
lock engine: pthread robust mutexes
thunder lock: enabled
bind(): Cannot assign requested address [core/socket.c line 769]
*** Starting uWSGI 2.0.18 (64bit) on [Mon Jun 29 10:56:48 2020] ***
compiled with version: 4.8.5 20150623 (Red Hat 4.8.5-39) on 15 December 2019 02:10:03
os: Linux-3.10.0-1062.9.1.el7.x86_64 #1 SMP Fri Dec 6 15:49:49 UTC 2019
nodename: iZuf6fy2kg5mx828krkhcuZ
machine: x86_64
clock source: unix
pcre jit disabled
detected number of CPU cores: 1
current working directory: /object/test_obj/django_test/uwsgi_conf
writing pidfile to /object/test_obj/django_test/uwsgi_conf/uwsgi.pid
detected binary path: /usr/local/python3/bin/uwsgi
*** WARNING: you are running uWSGI as root !!! (use the --uid flag) *** 
chdir() to /object/test_obj/django_test
your processes number limit is 3882
your memory page size is 4096 bytes
detected max file descriptor number: 65535
!!! no /etc/mime.types file found !!!
lock engine: pthread robust mutexes
thunder lock: enabled
bind(): Cannot assign requested address [core/socket.c line 769]
*** Starting uWSGI 2.0.18 (64bit) on [Mon Jun 29 10:59:12 2020] ***
compiled with version: 4.8.5 20150623 (Red Hat 4.8.5-39) on 15 December 2019 02:10:03
os: Linux-3.10.0-1062.9.1.el7.x86_64 #1 SMP Fri Dec 6 15:49:49 UTC 2019
nodename: iZuf6fy2kg5mx828krkhcuZ
machine: x86_64
clock source: unix
pcre jit disabled
detected number of CPU cores: 1
current working directory: /object/test_obj/django_test/uwsgi_conf
writing pidfile to /object/test_obj/django_test/uwsgi_conf/uwsgi.pid
detected binary path: /usr/local/python3/bin/uwsgi
*** WARNING: you are running uWSGI as root !!! (use the --uid flag) *** 
chdir() to /object/test_obj/django_test
your processes number limit is 3882
your memory page size is 4096 bytes
detected max file descriptor number: 65535
!!! no /etc/mime.types file found !!!
lock engine: pthread robust mutexes
thunder lock: enabled
bind(): Cannot assign requested address [core/socket.c line 769]
*** Starting uWSGI 2.0.18 (64bit) on [Mon Jun 29 11:01:31 2020] ***
compiled with version: 4.8.5 20150623 (Red Hat 4.8.5-39) on 15 December 2019 02:10:03
os: Linux-3.10.0-1062.9.1.el7.x86_64 #1 SMP Fri Dec 6 15:49:49 UTC 2019
nodename: iZuf6fy2kg5mx828krkhcuZ
machine: x86_64
clock source: unix
pcre jit disabled
detected number of CPU cores: 1
current working directory: /object/test_obj/django_test/uwsgi_conf
writing pidfile to /object/test_obj/django_test/uwsgi_conf/uwsgi.pid
detected binary path: /usr/local/python3/bin/uwsgi
*** WARNING: you are running uWSGI as root !!! (use the --uid flag) *** 
chdir() to /object/test_obj/django_test
your processes number limit is 3882
your memory page size is 4096 bytes
detected max file descriptor number: 65535
!!! no /etc/mime.types file found !!!
lock engine: pthread robust mutexes
thunder lock: enabled
bind(): Cannot assign requested address [core/socket.c line 769]
*** Starting uWSGI 2.0.18 (64bit) on [Mon Jun 29 13:54:13 2020] ***
compiled with version: 4.8.5 20150623 (Red Hat 4.8.5-39) on 15 December 2019 02:10:03
os: Linux-3.10.0-1062.9.1.el7.x86_64 #1 SMP Fri Dec 6 15:49:49 UTC 2019
nodename: iZuf6fy2kg5mx828krkhcuZ
machine: x86_64
clock source: unix
pcre jit disabled
detected number of CPU cores: 1
current working directory: /object/test_obj/django_test/uwsgi_conf
writing pidfile to /object/test_obj/django_test/uwsgi_conf/uwsgi.pid
detected binary path: /usr/local/python3/bin/uwsgi
*** WARNING: you are running uWSGI as root !!! (use the --uid flag) *** 
chdir() to /object/test_obj/django_test
your processes number limit is 3882
your memory page size is 4096 bytes
detected max file descriptor number: 65535
lock engine: pthread robust mutexes
thunder lock: disabled (you can enable it with --thunder-lock)
bind(): Cannot assign requested address [core/socket.c line 769]
*** Starting uWSGI 2.0.18 (64bit) on [Mon Jun 29 14:00:58 2020] ***
compiled with version: 4.8.5 20150623 (Red Hat 4.8.5-39) on 15 December 2019 02:10:03
os: Linux-3.10.0-1062.9.1.el7.x86_64 #1 SMP Fri Dec 6 15:49:49 UTC 2019
nodename: iZuf6fy2kg5mx828krkhcuZ
machine: x86_64
clock source: unix
pcre jit disabled
detected number of CPU cores: 1
current working directory: /object/test_obj/django_test/uwsgi_conf
writing pidfile to /object/test_obj/django_test/uwsgi_conf/uwsgi.pid
detected binary path: /usr/local/python3/bin/uwsgi
*** WARNING: you are running uWSGI as root !!! (use the --uid flag) *** 
chdir() to /object/test_obj/django_test
your processes number limit is 3882
your memory page size is 4096 bytes
detected max file descriptor number: 65535
lock engine: pthread robust mutexes
thunder lock: disabled (you can enable it with --thunder-lock)
uWSGI http bound on 0.0.0.0:8003 fd 4
uwsgi socket 0 bound to TCP address 127.0.0.1:39369 (port auto-assigned) fd 3
*** WARNING: you are running uWSGI as root !!! (use the --uid flag) *** 
Python version: 3.6.3 (default, Dec  9 2019, 09:36:52)  [GCC 4.8.5 20150623 (Red Hat 4.8.5-39)]
*** Python threads support is disabled. You can enable it with --enable-threads ***
Python main interpreter initialized at 0x2712a10
*** WARNING: you are running uWSGI as root !!! (use the --uid flag) *** 
your server socket listen backlog is limited to 100 connections
your mercy for graceful operations on workers is 60 seconds
mapped 437520 bytes (427 KB) for 5 cores
*** Operational MODE: preforking ***
WSGI app 0 (mountpoint='') ready in 0 seconds on interpreter 0x2712a10 pid: 27972 (default app)
*** WARNING: you are running uWSGI as root !!! (use the --uid flag) *** 
*** uWSGI is running in multiple interpreter mode ***
spawned uWSGI master process (pid: 27972)
spawned uWSGI worker 1 (pid: 27977, cores: 1)
spawned uWSGI worker 2 (pid: 27978, cores: 1)
spawned uWSGI worker 3 (pid: 27979, cores: 1)
spawned uWSGI worker 4 (pid: 27980, cores: 1)
spawned uWSGI worker 5 (pid: 27981, cores: 1)
spawned uWSGI http 1 (pid: 27982)
b'99' CCCCCCCCCCC
<class 'dict'>
[pid: 27978|app: 0|req: 1/1] 180.167.73.162 () {40 vars in 818 bytes} [Mon Jun 29 06:01:14 2020] GET /redis/test => generated 13 bytes in 41 msecs (HTTP/1.1 200) 3 headers in 100 bytes (1 switches on core 0)
Not Found: /favicon.ico
[pid: 27981|app: 0|req: 1/2] 180.167.73.162 () {38 vars in 721 bytes} [Mon Jun 29 06:01:14 2020] GET /favicon.ico => generated 2534 bytes in 34 msecs (HTTP/1.1 404) 3 headers in 102 bytes (1 switches on core 0)
b'99' CCCCCCCCCCC
<class 'dict'>
[pid: 27978|app: 0|req: 2/3] 180.167.73.162 () {40 vars in 818 bytes} [Mon Jun 29 06:02:38 2020] GET /redis/test => generated 13 bytes in 3 msecs (HTTP/1.1 200) 3 headers in 100 bytes (1 switches on core 0)
b'99' CCCCCCCCCCC
<class 'dict'>
[pid: 27978|app: 0|req: 3/4] 180.167.73.162 () {40 vars in 818 bytes} [Mon Jun 29 06:03:03 2020] GET /redis/test => generated 13 bytes in 3 msecs (HTTP/1.1 200) 3 headers in 100 bytes (1 switches on core 0)
b'99' CCCCCCCCCCC
<class 'dict'>
[pid: 27978|app: 0|req: 4/5] 180.167.73.162 () {40 vars in 818 bytes} [Mon Jun 29 06:03:33 2020] GET /redis/test => generated 13 bytes in 2 msecs (HTTP/1.1 200) 3 headers in 100 bytes (1 switches on core 0)
b'99' CCCCCCCCCCC
<class 'dict'>
[pid: 27978|app: 0|req: 5/6] 180.167.73.162 () {40 vars in 818 bytes} [Mon Jun 29 06:17:05 2020] GET /redis/test => generated 13 bytes in 3 msecs (HTTP/1.1 200) 3 headers in 100 bytes (1 switches on core 0)
*** Starting uWSGI 2.0.18 (64bit) on [Mon Jun 29 14:17:59 2020] ***
compiled with version: 4.8.5 20150623 (Red Hat 4.8.5-39) on 15 December 2019 02:10:03
os: Linux-3.10.0-1062.9.1.el7.x86_64 #1 SMP Fri Dec 6 15:49:49 UTC 2019
nodename: iZuf6fy2kg5mx828krkhcuZ
machine: x86_64
clock source: unix
pcre jit disabled
detected number of CPU cores: 1
current working directory: /object/test_obj/django_test/uwsgi_conf
writing pidfile to /object/test_obj/django_test/uwsgi_conf/uwsgi.pid
detected binary path: /usr/local/python3/bin/uwsgi
*** WARNING: you are running uWSGI as root !!! (use the --uid flag) *** 
chdir() to /object/test_obj/django_test
your processes number limit is 3882
your memory page size is 4096 bytes
detected max file descriptor number: 65535
lock engine: pthread robust mutexes
thunder lock: disabled (you can enable it with --thunder-lock)
uWSGI http bound on 0.0.0.0:8003 fd 3
uwsgi socket 0 bound to TCP address 127.0.0.1:8001 fd 6
*** WARNING: you are running uWSGI as root !!! (use the --uid flag) *** 
Python version: 3.6.3 (default, Dec  9 2019, 09:36:52)  [GCC 4.8.5 20150623 (Red Hat 4.8.5-39)]
*** Python threads support is disabled. You can enable it with --enable-threads ***
Python main interpreter initialized at 0x182ba70
*** WARNING: you are running uWSGI as root !!! (use the --uid flag) *** 
your server socket listen backlog is limited to 100 connections
your mercy for graceful operations on workers is 60 seconds
mapped 218760 bytes (213 KB) for 2 cores
*** Operational MODE: preforking ***
WSGI app 0 (mountpoint='') ready in 1 seconds on interpreter 0x182ba70 pid: 28895 (default app)
*** WARNING: you are running uWSGI as root !!! (use the --uid flag) *** 
*** uWSGI is running in multiple interpreter mode ***
spawned uWSGI master process (pid: 28895)
spawned uWSGI worker 1 (pid: 28899, cores: 1)
spawned uWSGI worker 2 (pid: 28900, cores: 1)
*** Stats server enabled on 127.0.0.1:8080 fd: 14 ***
spawned uWSGI http 1 (pid: 28901)
b'99' CCCCCCCCCCC
<class 'dict'>
[pid: 28899|app: 0|req: 1/1] 180.167.73.162 () {40 vars in 818 bytes} [Mon Jun 29 06:18:19 2020] GET /redis/test => generated 13 bytes in 42 msecs (HTTP/1.1 200) 3 headers in 100 bytes (1 switches on core 0)
*** Starting uWSGI 2.0.18 (64bit) on [Mon Jun 29 15:10:12 2020] ***
compiled with version: 4.8.5 20150623 (Red Hat 4.8.5-39) on 15 December 2019 02:10:03
os: Linux-3.10.0-1062.9.1.el7.x86_64 #1 SMP Fri Dec 6 15:49:49 UTC 2019
nodename: iZuf6fy2kg5mx828krkhcuZ
machine: x86_64
clock source: unix
pcre jit disabled
detected number of CPU cores: 1
current working directory: /object/test_obj/django_test/uwsgi_conf
writing pidfile to /object/test_obj/django_test/uwsgi_conf/uwsgi.pid
detected binary path: /usr/local/python3/bin/uwsgi
*** WARNING: you are running uWSGI as root !!! (use the --uid flag) *** 
chdir() to /object/test_obj/django_test
your processes number limit is 3882
your memory page size is 4096 bytes
detected max file descriptor number: 65535
lock engine: pthread robust mutexes
thunder lock: disabled (you can enable it with --thunder-lock)
uWSGI http bound on 0.0.0.0:8003 fd 3
uwsgi socket 0 bound to TCP address 127.0.0.1:8001 fd 6
*** WARNING: you are running uWSGI as root !!! (use the --uid flag) *** 
Python version: 3.6.3 (default, Dec  9 2019, 09:36:52)  [GCC 4.8.5 20150623 (Red Hat 4.8.5-39)]
*** Python threads support is disabled. You can enable it with --enable-threads ***
Python main interpreter initialized at 0x284ba10
*** WARNING: you are running uWSGI as root !!! (use the --uid flag) *** 
your server socket listen backlog is limited to 100 connections
your mercy for graceful operations on workers is 60 seconds
mapped 218760 bytes (213 KB) for 2 cores
*** Operational MODE: preforking ***
WSGI app 0 (mountpoint='') ready in 1 seconds on interpreter 0x284ba10 pid: 31518 (default app)
*** WARNING: you are running uWSGI as root !!! (use the --uid flag) *** 
*** uWSGI is running in multiple interpreter mode ***
spawned uWSGI master process (pid: 31518)
spawned uWSGI worker 1 (pid: 31522, cores: 1)
spawned uWSGI worker 2 (pid: 31523, cores: 1)
spawned uWSGI http 1 (pid: 31524)
Not Found: /
[pid: 31522|app: 0|req: 1/1] 47.101.136.237 () {30 vars in 390 bytes} [Mon Jun 29 07:39:46 2020] GET / => generated 2483 bytes in 33 msecs (HTTP/1.1 404) 3 headers in 102 bytes (1 switches on core 0)
b'99' CCCCCCCCCCC
<class 'dict'>
[pid: 31522|app: 0|req: 2/2] 180.167.73.162 () {40 vars in 818 bytes} [Mon Jun 29 07:54:06 2020] GET /redis/test => generated 13 bytes in 15 msecs (HTTP/1.1 200) 3 headers in 100 bytes (1 switches on core 0)
b'99' CCCCCCCCCCC
<class 'dict'>
[pid: 31522|app: 0|req: 3/3] 180.167.73.162 () {40 vars in 811 bytes} [Mon Jun 29 07:57:29 2020] GET /redis/test => generated 13 bytes in 2 msecs (HTTP/1.1 200) 3 headers in 100 bytes (1 switches on core 0)
*** Starting uWSGI 2.0.18 (64bit) on [Mon Jun 29 16:20:53 2020] ***
compiled with version: 4.8.5 20150623 (Red Hat 4.8.5-39) on 15 December 2019 02:10:03
os: Linux-3.10.0-1062.9.1.el7.x86_64 #1 SMP Fri Dec 6 15:49:49 UTC 2019
nodename: iZuf6fy2kg5mx828krkhcuZ
machine: x86_64
clock source: unix
pcre jit disabled
detected number of CPU cores: 1
current working directory: /object/test_obj/django_test/uwsgi_conf
writing pidfile to /object/test_obj/django_test/uwsgi_conf/uwsgi.pid
detected binary path: /usr/local/python3/bin/uwsgi
*** WARNING: you are running uWSGI as root !!! (use the --uid flag) *** 
chdir() to /object/test_obj/django_test
your processes number limit is 3882
your memory page size is 4096 bytes
detected max file descriptor number: 65535
lock engine: pthread robust mutexes
thunder lock: disabled (you can enable it with --thunder-lock)
uwsgi socket 0 bound to TCP address 127.0.0.1:8001 fd 3
*** WARNING: you are running uWSGI as root !!! (use the --uid flag) *** 
Python version: 3.6.3 (default, Dec  9 2019, 09:36:52)  [GCC 4.8.5 20150623 (Red Hat 4.8.5-39)]
*** Python threads support is disabled. You can enable it with --enable-threads ***
Python main interpreter initialized at 0xb489f0
*** WARNING: you are running uWSGI as root !!! (use the --uid flag) *** 
your server socket listen backlog is limited to 100 connections
your mercy for graceful operations on workers is 60 seconds
mapped 403077 bytes (393 KB) for 2 cores
*** Operational MODE: preforking ***
WSGI app 0 (mountpoint='') ready in 1 seconds on interpreter 0xb489f0 pid: 2601 (default app)
*** WARNING: you are running uWSGI as root !!! (use the --uid flag) *** 
*** uWSGI is running in multiple interpreter mode ***
spawned uWSGI master process (pid: 2601)
spawned uWSGI worker 1 (pid: 2606, cores: 1)
spawned uWSGI worker 2 (pid: 2607, cores: 1)
b'99' CCCCCCCCCCC
<class 'dict'>
[pid: 2606|app: 0|req: 1/1] 180.167.73.162 () {42 vars in 834 bytes} [Mon Jun 29 08:41:40 2020] GET /redis/test => generated 13 bytes in 45 msecs (HTTP/1.1 200) 3 headers in 100 bytes (1 switches on core 0)
Not Found: /favicon.ico
[pid: 2607|app: 0|req: 1/2] 180.167.73.162 () {42 vars in 766 bytes} [Mon Jun 29 08:41:40 2020] GET /favicon.ico => generated 2531 bytes in 32 msecs (HTTP/1.1 404) 3 headers in 102 bytes (1 switches on core 0)
b'99' CCCCCCCCCCC
<class 'dict'>
[pid: 2606|app: 0|req: 2/3] 180.167.73.162 () {44 vars in 865 bytes} [Mon Jun 29 08:42:50 2020] GET /redis/test => generated 13 bytes in 3 msecs (HTTP/1.1 200) 3 headers in 100 bytes (1 switches on core 0)
b'99' CCCCCCCCCCC
<class 'dict'>
[pid: 2606|app: 0|req: 3/4] 180.167.73.162 () {44 vars in 865 bytes} [Mon Jun 29 08:43:36 2020] GET /redis/test => generated 13 bytes in 3 msecs (HTTP/1.1 200) 3 headers in 100 bytes (1 switches on core 0)
b'99' CCCCCCCCCCC
<class 'dict'>
[pid: 2606|app: 0|req: 4/5] 180.167.73.162 () {42 vars in 834 bytes} [Mon Jun 29 09:11:13 2020] GET /redis/test => generated 13 bytes in 3 msecs (HTTP/1.1 200) 3 headers in 100 bytes (1 switches on core 0)
b'99' CCCCCCCCCCC
<class 'dict'>
[pid: 2606|app: 0|req: 5/6] 101.84.28.123 () {42 vars in 1003 bytes} [Mon Jun 29 09:11:38 2020] GET /redis/test => generated 13 bytes in 3 msecs (HTTP/1.1 200) 3 headers in 100 bytes (1 switches on core 0)
Not Found: /favicon.ico
[pid: 2606|app: 0|req: 6/7] 101.84.28.123 () {42 vars in 963 bytes} [Mon Jun 29 09:11:38 2020] GET /favicon.ico => generated 2531 bytes in 5 msecs (HTTP/1.1 404) 3 headers in 102 bytes (1 switches on core 0)
*** Starting uWSGI 2.0.18 (64bit) on [Mon Jun 29 17:15:24 2020] ***
compiled with version: 4.8.5 20150623 (Red Hat 4.8.5-39) on 15 December 2019 02:10:03
os: Linux-3.10.0-1062.9.1.el7.x86_64 #1 SMP Fri Dec 6 15:49:49 UTC 2019
nodename: iZuf6fy2kg5mx828krkhcuZ
machine: x86_64
clock source: unix
pcre jit disabled
detected number of CPU cores: 1
current working directory: /object/test_obj/django_test/uwsgi_conf
writing pidfile to /object/test_obj/django_test/uwsgi_conf/uwsgi.pid
detected binary path: /usr/local/python3/bin/uwsgi
*** WARNING: you are running uWSGI as root !!! (use the --uid flag) *** 
chdir() to /object/test_obj/django_test
your processes number limit is 3882
your memory page size is 4096 bytes
detected max file descriptor number: 65535
lock engine: pthread robust mutexes
thunder lock: disabled (you can enable it with --thunder-lock)
bind(): Cannot assign requested address [core/socket.c line 769]
b'99' CCCCCCCCCCC
<class 'dict'>
[pid: 2606|app: 0|req: 7/8] 180.167.73.162 () {42 vars in 834 bytes} [Mon Jun 29 09:16:12 2020] GET /redis/test => generated 13 bytes in 3 msecs (HTTP/1.1 200) 3 headers in 100 bytes (1 switches on core 0)
Not Found: /
[pid: 2606|app: 0|req: 8/9] 186.249.197.96 () {32 vars in 468 bytes} [Mon Jun 29 09:18:45 2020] GET / => generated 2481 bytes in 3 msecs (HTTP/1.1 404) 3 headers in 102 bytes (1 switches on core 0)
b'99' CCCCCCCCCCC
<class 'dict'>
[pid: 2606|app: 0|req: 9/10] 180.167.73.162 () {42 vars in 832 bytes} [Mon Jun 29 09:25:03 2020] GET /redis/test => generated 13 bytes in 3 msecs (HTTP/1.1 200) 3 headers in 100 bytes (1 switches on core 0)
b'99' CCCCCCCCCCC
<class 'dict'>
[pid: 2606|app: 0|req: 10/11] 180.167.73.162 () {44 vars in 858 bytes} [Mon Jun 29 09:25:32 2020] GET /redis/test => generated 13 bytes in 3 msecs (HTTP/1.1 200) 3 headers in 100 bytes (1 switches on core 0)
*** Starting uWSGI 2.0.18 (64bit) on [Mon Jun 29 17:42:32 2020] ***
compiled with version: 4.8.5 20150623 (Red Hat 4.8.5-39) on 15 December 2019 02:10:03
os: Linux-3.10.0-1062.9.1.el7.x86_64 #1 SMP Fri Dec 6 15:49:49 UTC 2019
nodename: iZuf6fy2kg5mx828krkhcuZ
machine: x86_64
clock source: unix
pcre jit disabled
detected number of CPU cores: 1
current working directory: /object/test_obj/django_test/uwsgi_conf
writing pidfile to /object/test_obj/django_test/uwsgi_conf/uwsgi.pid
detected binary path: /usr/local/python3/bin/uwsgi
*** WARNING: you are running uWSGI as root !!! (use the --uid flag) *** 
chdir() to /object/test_obj/django_test
your processes number limit is 3882
your memory page size is 4096 bytes
detected max file descriptor number: 65535
lock engine: pthread robust mutexes
thunder lock: disabled (you can enable it with --thunder-lock)
bind(): Cannot assign requested address [core/socket.c line 769]
*** Starting uWSGI 2.0.18 (64bit) on [Mon Jun 29 17:44:09 2020] ***
compiled with version: 4.8.5 20150623 (Red Hat 4.8.5-39) on 15 December 2019 02:10:03
os: Linux-3.10.0-1062.9.1.el7.x86_64 #1 SMP Fri Dec 6 15:49:49 UTC 2019
nodename: iZuf6fy2kg5mx828krkhcuZ
machine: x86_64
clock source: unix
pcre jit disabled
detected number of CPU cores: 1
current working directory: /object/test_obj/django_test/uwsgi_conf
writing pidfile to /object/test_obj/django_test/uwsgi_conf/uwsgi.pid
detected binary path: /usr/local/python3/bin/uwsgi
*** WARNING: you are running uWSGI as root !!! (use the --uid flag) *** 
chdir() to /object/test_obj/django_test
your processes number limit is 3882
your memory page size is 4096 bytes
detected max file descriptor number: 65535
lock engine: pthread robust mutexes
thunder lock: disabled (you can enable it with --thunder-lock)
bind(): Cannot assign requested address [core/socket.c line 769]
*** Starting uWSGI 2.0.18 (64bit) on [Mon Jun 29 17:49:05 2020] ***
compiled with version: 4.8.5 20150623 (Red Hat 4.8.5-39) on 15 December 2019 02:10:03
os: Linux-3.10.0-1062.9.1.el7.x86_64 #1 SMP Fri Dec 6 15:49:49 UTC 2019
nodename: iZuf6fy2kg5mx828krkhcuZ
machine: x86_64
clock source: unix
pcre jit disabled
detected number of CPU cores: 1
current working directory: /object/test_obj/django_test/uwsgi_conf
writing pidfile to /object/test_obj/django_test/uwsgi_conf/uwsgi.pid
detected binary path: /usr/local/python3/bin/uwsgi
*** WARNING: you are running uWSGI as root !!! (use the --uid flag) *** 
chdir() to /object/test_obj/django_test
your processes number limit is 3882
your memory page size is 4096 bytes
detected max file descriptor number: 65535
lock engine: pthread robust mutexes
thunder lock: disabled (you can enable it with --thunder-lock)
bind(): Cannot assign requested address [core/socket.c line 769]
*** Starting uWSGI 2.0.18 (64bit) on [Mon Jun 29 17:54:18 2020] ***
compiled with version: 4.8.5 20150623 (Red Hat 4.8.5-39) on 15 December 2019 02:10:03
os: Linux-3.10.0-1062.9.1.el7.x86_64 #1 SMP Fri Dec 6 15:49:49 UTC 2019
nodename: iZuf6fy2kg5mx828krkhcuZ
machine: x86_64
clock source: unix
pcre jit disabled
detected number of CPU cores: 1
current working directory: /object/test_obj/django_test/uwsgi_conf
writing pidfile to /object/test_obj/django_test/uwsgi_conf/uwsgi.pid
detected binary path: /usr/local/python3/bin/uwsgi
*** WARNING: you are running uWSGI as root !!! (use the --uid flag) *** 
chdir() to /object/test_obj/django_test
your processes number limit is 3882
your memory page size is 4096 bytes
detected max file descriptor number: 65535
lock engine: pthread robust mutexes
thunder lock: disabled (you can enable it with --thunder-lock)
bind(): Cannot assign requested address [core/socket.c line 769]
*** Starting uWSGI 2.0.18 (64bit) on [Mon Jun 29 18:03:07 2020] ***
compiled with version: 4.8.5 20150623 (Red Hat 4.8.5-39) on 15 December 2019 02:10:03
os: Linux-3.10.0-1062.9.1.el7.x86_64 #1 SMP Fri Dec 6 15:49:49 UTC 2019
nodename: iZuf6fy2kg5mx828krkhcuZ
machine: x86_64
clock source: unix
pcre jit disabled
detected number of CPU cores: 1
current working directory: /object/test_obj/django_test/uwsgi_conf
writing pidfile to /object/test_obj/django_test/uwsgi_conf/uwsgi.pid
detected binary path: /usr/local/python3/bin/uwsgi
*** WARNING: you are running uWSGI as root !!! (use the --uid flag) *** 
chdir() to /object/test_obj/django_test
your processes number limit is 3882
your memory page size is 4096 bytes
detected max file descriptor number: 65535
lock engine: pthread robust mutexes
thunder lock: disabled (you can enable it with --thunder-lock)
bind(): Cannot assign requested address [core/socket.c line 769]
*** Starting uWSGI 2.0.18 (64bit) on [Mon Jun 29 18:06:49 2020] ***
compiled with version: 4.8.5 20150623 (Red Hat 4.8.5-39) on 15 December 2019 02:10:03
os: Linux-3.10.0-1062.9.1.el7.x86_64 #1 SMP Fri Dec 6 15:49:49 UTC 2019
nodename: iZuf6fy2kg5mx828krkhcuZ
machine: x86_64
clock source: unix
pcre jit disabled
detected number of CPU cores: 1
current working directory: /object/test_obj/django_test/uwsgi_conf
writing pidfile to /object/test_obj/django_test/uwsgi_conf/uwsgi.pid
detected binary path: /usr/local/python3/bin/uwsgi
*** WARNING: you are running uWSGI as root !!! (use the --uid flag) *** 
chdir() to /object/test_obj/django_test
your processes number limit is 3882
your memory page size is 4096 bytes
detected max file descriptor number: 65535
lock engine: pthread robust mutexes
thunder lock: disabled (you can enable it with --thunder-lock)
bind(): Cannot assign requested address [core/socket.c line 769]
*** Starting uWSGI 2.0.18 (64bit) on [Mon Jun 29 18:12:46 2020] ***
compiled with version: 4.8.5 20150623 (Red Hat 4.8.5-39) on 15 December 2019 02:10:03
os: Linux-3.10.0-1062.9.1.el7.x86_64 #1 SMP Fri Dec 6 15:49:49 UTC 2019
nodename: iZuf6fy2kg5mx828krkhcuZ
machine: x86_64
clock source: unix
pcre jit disabled
detected number of CPU cores: 1
current working directory: /object/test_obj/django_test/uwsgi_conf
writing pidfile to /object/test_obj/django_test/uwsgi_conf/uwsgi.pid
detected binary path: /usr/local/python3/bin/uwsgi
*** WARNING: you are running uWSGI as root !!! (use the --uid flag) *** 
chdir() to /object/test_obj/django_test
your processes number limit is 3882
your memory page size is 4096 bytes
detected max file descriptor number: 65535
lock engine: pthread robust mutexes
thunder lock: disabled (you can enable it with --thunder-lock)
bind(): Cannot assign requested address [core/socket.c line 769]
*** Starting uWSGI 2.0.18 (64bit) on [Tue Jun 30 09:12:05 2020] ***
compiled with version: 4.8.5 20150623 (Red Hat 4.8.5-39) on 15 December 2019 02:10:03
os: Linux-3.10.0-1062.9.1.el7.x86_64 #1 SMP Fri Dec 6 15:49:49 UTC 2019
nodename: iZuf6fy2kg5mx828krkhcuZ
machine: x86_64
clock source: unix
pcre jit disabled
detected number of CPU cores: 1
current working directory: /object/test_obj/django_test/uwsgi_conf
writing pidfile to /object/test_obj/django_test/uwsgi_conf/uwsgi.pid
detected binary path: /usr/local/python3/bin/uwsgi
*** WARNING: you are running uWSGI as root !!! (use the --uid flag) *** 
chdir() to /object/test_obj/django_test
your processes number limit is 3882
your memory page size is 4096 bytes
detected max file descriptor number: 65535
lock engine: pthread robust mutexes
thunder lock: disabled (you can enable it with --thunder-lock)
uwsgi socket 0 bound to TCP address 127.0.0.1:8001 fd 3
*** WARNING: you are running uWSGI as root !!! (use the --uid flag) *** 
Python version: 3.6.3 (default, Dec  9 2019, 09:36:52)  [GCC 4.8.5 20150623 (Red Hat 4.8.5-39)]
*** Python threads support is disabled. You can enable it with --enable-threads ***
Python main interpreter initialized at 0x26369f0
*** WARNING: you are running uWSGI as root !!! (use the --uid flag) *** 
your server socket listen backlog is limited to 100 connections
your mercy for graceful operations on workers is 60 seconds
mapped 403077 bytes (393 KB) for 2 cores
*** Operational MODE: preforking ***
WSGI app 0 (mountpoint='') ready in 0 seconds on interpreter 0x26369f0 pid: 19346 (default app)
*** WARNING: you are running uWSGI as root !!! (use the --uid flag) *** 
*** uWSGI is running in multiple interpreter mode ***
spawned uWSGI master process (pid: 19346)
spawned uWSGI worker 1 (pid: 19350, cores: 1)
spawned uWSGI worker 2 (pid: 19351, cores: 1)
b'99' CCCCCCCCCCC
<class 'dict'>
[pid: 19350|app: 0|req: 1/1] 180.167.73.162 () {40 vars in 918 bytes} [Tue Jun 30 01:12:42 2020] GET /redis/test => generated 13 bytes in 42 msecs (HTTP/1.1 200) 3 headers in 100 bytes (1 switches on core 0)
b'99' CCCCCCCCCCC
<class 'dict'>
[pid: 19350|app: 0|req: 2/2] 180.167.73.162 () {44 vars in 865 bytes} [Tue Jun 30 01:13:08 2020] GET /redis/test => generated 13 bytes in 3 msecs (HTTP/1.1 200) 3 headers in 100 bytes (1 switches on core 0)
SIGINT/SIGQUIT received...killing workers...
worker 1 buried after 1 seconds
worker 2 buried after 1 seconds
goodbye to uWSGI.
VACUUM: pidfile removed.
*** Starting uWSGI 2.0.18 (64bit) on [Tue Jun 30 09:15:22 2020] ***
compiled with version: 4.8.5 20150623 (Red Hat 4.8.5-39) on 15 December 2019 02:10:03
os: Linux-3.10.0-1062.9.1.el7.x86_64 #1 SMP Fri Dec 6 15:49:49 UTC 2019
nodename: iZuf6fy2kg5mx828krkhcuZ
machine: x86_64
clock source: unix
pcre jit disabled
detected number of CPU cores: 1
current working directory: /object/test_obj/django_test/uwsgi_conf
writing pidfile to /object/test_obj/django_test/uwsgi_conf/uwsgi.pid
detected binary path: /usr/local/python3/bin/uwsgi
*** WARNING: you are running uWSGI as root !!! (use the --uid flag) *** 
chdir() to /object/test_obj/django_test
your processes number limit is 3882
your memory page size is 4096 bytes
detected max file descriptor number: 65535
lock engine: pthread robust mutexes
thunder lock: disabled (you can enable it with --thunder-lock)
uwsgi socket 0 bound to TCP address 127.0.0.1:8001 fd 3
*** WARNING: you are running uWSGI as root !!! (use the --uid flag) *** 
Python version: 3.6.3 (default, Dec  9 2019, 09:36:52)  [GCC 4.8.5 20150623 (Red Hat 4.8.5-39)]
*** Python threads support is disabled. You can enable it with --enable-threads ***
Python main interpreter initialized at 0x23d89f0
*** WARNING: you are running uWSGI as root !!! (use the --uid flag) *** 
your server socket listen backlog is limited to 100 connections
your mercy for graceful operations on workers is 60 seconds
mapped 403077 bytes (393 KB) for 2 cores
*** Operational MODE: preforking ***
WSGI app 0 (mountpoint='') ready in 1 seconds on interpreter 0x23d89f0 pid: 19557 (default app)
*** WARNING: you are running uWSGI as root !!! (use the --uid flag) *** 
*** uWSGI is running in multiple interpreter mode ***
spawned uWSGI master process (pid: 19557)
spawned uWSGI worker 1 (pid: 19562, cores: 1)
spawned uWSGI worker 2 (pid: 19563, cores: 1)
b'99' CCCCCCCCCCC
<class 'dict'>
[pid: 19562|app: 0|req: 1/1] 180.167.73.162 () {40 vars in 918 bytes} [Tue Jun 30 01:15:31 2020] GET /redis/test => generated 13 bytes in 41 msecs (HTTP/1.1 200) 3 headers in 100 bytes (1 switches on core 0)
b'99' CCCCCCCCCCC
<class 'dict'>
[pid: 19562|app: 0|req: 2/2] 101.89.239.120 () {36 vars in 687 bytes} [Tue Jun 30 01:15:55 2020] GET /redis/test => generated 13 bytes in 3 msecs (HTTP/1.1 200) 3 headers in 100 bytes (1 switches on core 0)
